{
"/Users/gilles/Documents/works/Feelback/feelback-server/feelback-client/statics/libs/c3po/index.js":{"path":"/Users/gilles/Documents/works/Feelback/feelback-server/feelback-client/statics/libs/c3po/index.js","s":{"1":1,"2":1,"3":8,"4":8,"5":8,"6":8,"7":0,"8":8,"9":8,"10":6,"11":6,"12":6,"13":2,"14":6,"15":6,"16":1,"17":9,"18":0,"19":9,"20":1,"21":9,"22":9,"23":9,"24":0,"25":9,"26":9,"27":9,"28":0,"29":9,"30":0,"31":1,"32":2,"33":2,"34":0,"35":2,"36":2,"37":1,"38":1,"39":1,"40":1,"41":1,"42":1,"43":1,"44":1,"45":11,"46":2,"47":9,"48":9,"49":9,"50":1,"51":1,"52":8,"53":1,"54":3,"55":9,"56":9,"57":0,"58":9,"59":0,"60":9,"61":2,"62":7,"63":11,"64":11,"65":3,"66":8,"67":8,"68":8,"69":11,"70":1,"71":2,"72":1},"b":{"1":[0,8],"2":[6,2],"3":[6,4],"4":[1,5],"5":[2,4],"6":[0,9],"7":[9,0],"8":[0,9],"9":[9,0],"10":[0,9],"11":[0,2],"12":[1,1],"13":[2,1],"14":[2,9],"15":[9,9],"16":[1,8],"17":[9,2,2],"18":[1,8],"19":[1,8],"20":[0,9],"21":[9,0],"22":[0,0],"23":[0,9],"24":[2,7],"25":[9,2],"26":[11,0],"27":[3,8],"28":[11,11],"29":[8,0]},"f":{"1":8,"2":2,"3":9,"4":9,"5":2,"6":1,"7":11,"8":1,"9":3,"10":9,"11":11,"12":1,"13":2},"fnMap":{"1":{"name":"(anonymous_1)","line":13,"loc":{"start":{"line":13,"column":14},"end":{"line":13,"column":32}}},"2":{"name":"(anonymous_2)","line":23,"loc":{"start":{"line":23,"column":49},"end":{"line":23,"column":63}}},"3":{"name":"promisedProtocol","line":31,"loc":{"start":{"line":31,"column":0},"end":{"line":31,"column":48}}},"4":{"name":"getProtocol","line":37,"loc":{"start":{"line":37,"column":0},"end":{"line":37,"column":27}}},"5":{"name":"initialiseProtocol","line":53,"loc":{"start":{"line":53,"column":0},"end":{"line":53,"column":38}}},"6":{"name":"(anonymous_6)","line":62,"loc":{"start":{"line":62,"column":22},"end":{"line":62,"column":33}}},"7":{"name":"(anonymous_7)","line":73,"loc":{"start":{"line":73,"column":7},"end":{"line":73,"column":34}}},"8":{"name":"(anonymous_8)","line":83,"loc":{"start":{"line":83,"column":24},"end":{"line":83,"column":43}}},"9":{"name":"(anonymous_9)","line":95,"loc":{"start":{"line":95,"column":8},"end":{"line":95,"column":22}}},"10":{"name":"(anonymous_10)","line":104,"loc":{"start":{"line":104,"column":11},"end":{"line":104,"column":26}}},"11":{"name":"(anonymous_11)","line":118,"loc":{"start":{"line":118,"column":6},"end":{"line":118,"column":42}}},"12":{"name":"(anonymous_12)","line":130,"loc":{"start":{"line":130,"column":9},"end":{"line":130,"column":46}}},"13":{"name":"(anonymous_13)","line":131,"loc":{"start":{"line":131,"column":22},"end":{"line":131,"column":40}}}},"statementMap":{"1":{"start":{"line":12,"column":0},"end":{"line":12,"column":66}},"2":{"start":{"line":13,"column":0},"end":{"line":29,"column":2}},"3":{"start":{"line":14,"column":1},"end":{"line":14,"column":22}},"4":{"start":{"line":15,"column":1},"end":{"line":15,"column":25}},"5":{"start":{"line":16,"column":1},"end":{"line":16,"column":16}},"6":{"start":{"line":17,"column":1},"end":{"line":18,"column":9}},"7":{"start":{"line":18,"column":2},"end":{"line":18,"column":9}},"8":{"start":{"line":19,"column":1},"end":{"line":19,"column":34}},"9":{"start":{"line":20,"column":1},"end":{"line":28,"column":2}},"10":{"start":{"line":21,"column":2},"end":{"line":21,"column":27}},"11":{"start":{"line":22,"column":2},"end":{"line":22,"column":34}},"12":{"start":{"line":23,"column":2},"end":{"line":25,"column":12}},"13":{"start":{"line":24,"column":3},"end":{"line":24,"column":21}},"14":{"start":{"line":26,"column":2},"end":{"line":26,"column":26}},"15":{"start":{"line":27,"column":2},"end":{"line":27,"column":97}},"16":{"start":{"line":31,"column":0},"end":{"line":35,"column":1}},"17":{"start":{"line":32,"column":1},"end":{"line":33,"column":101}},"18":{"start":{"line":33,"column":2},"end":{"line":33,"column":101}},"19":{"start":{"line":34,"column":1},"end":{"line":34,"column":52}},"20":{"start":{"line":37,"column":0},"end":{"line":51,"column":1}},"21":{"start":{"line":38,"column":1},"end":{"line":49,"column":2}},"22":{"start":{"line":39,"column":2},"end":{"line":39,"column":15}},"23":{"start":{"line":41,"column":2},"end":{"line":42,"column":36}},"24":{"start":{"line":42,"column":3},"end":{"line":42,"column":36}},"25":{"start":{"line":44,"column":2},"end":{"line":45,"column":35}},"26":{"start":{"line":45,"column":3},"end":{"line":45,"column":35}},"27":{"start":{"line":46,"column":2},"end":{"line":47,"column":54}},"28":{"start":{"line":47,"column":3},"end":{"line":47,"column":54}},"29":{"start":{"line":48,"column":2},"end":{"line":48,"column":18}},"30":{"start":{"line":50,"column":1},"end":{"line":50,"column":13}},"31":{"start":{"line":53,"column":0},"end":{"line":70,"column":1}},"32":{"start":{"line":54,"column":1},"end":{"line":54,"column":13}},"33":{"start":{"line":55,"column":1},"end":{"line":58,"column":28}},"34":{"start":{"line":56,"column":2},"end":{"line":56,"column":34}},"35":{"start":{"line":58,"column":2},"end":{"line":58,"column":28}},"36":{"start":{"line":59,"column":1},"end":{"line":67,"column":2}},"37":{"start":{"line":61,"column":2},"end":{"line":61,"column":34}},"38":{"start":{"line":62,"column":2},"end":{"line":66,"column":5}},"39":{"start":{"line":63,"column":3},"end":{"line":63,"column":32}},"40":{"start":{"line":64,"column":3},"end":{"line":64,"column":31}},"41":{"start":{"line":65,"column":3},"end":{"line":65,"column":19}},"42":{"start":{"line":68,"column":1},"end":{"line":68,"column":29}},"43":{"start":{"line":69,"column":1},"end":{"line":69,"column":17}},"44":{"start":{"line":72,"column":0},"end":{"line":89,"column":2}},"45":{"start":{"line":74,"column":2},"end":{"line":75,"column":24}},"46":{"start":{"line":75,"column":3},"end":{"line":75,"column":24}},"47":{"start":{"line":76,"column":2},"end":{"line":76,"column":31}},"48":{"start":{"line":77,"column":2},"end":{"line":80,"column":74}},"49":{"start":{"line":81,"column":2},"end":{"line":86,"column":3}},"50":{"start":{"line":83,"column":3},"end":{"line":85,"column":6}},"51":{"start":{"line":84,"column":4},"end":{"line":84,"column":50}},"52":{"start":{"line":87,"column":2},"end":{"line":87,"column":48}},"53":{"start":{"line":90,"column":0},"end":{"line":135,"column":2}},"54":{"start":{"line":96,"column":4},"end":{"line":98,"column":6}},"55":{"start":{"line":105,"column":2},"end":{"line":105,"column":35}},"56":{"start":{"line":107,"column":2},"end":{"line":109,"column":25}},"57":{"start":{"line":108,"column":3},"end":{"line":109,"column":25}},"58":{"start":{"line":111,"column":2},"end":{"line":112,"column":25}},"59":{"start":{"line":112,"column":3},"end":{"line":112,"column":25}},"60":{"start":{"line":114,"column":2},"end":{"line":115,"column":39}},"61":{"start":{"line":115,"column":3},"end":{"line":115,"column":39}},"62":{"start":{"line":116,"column":2},"end":{"line":116,"column":18}},"63":{"start":{"line":119,"column":2},"end":{"line":127,"column":3}},"64":{"start":{"line":120,"column":3},"end":{"line":126,"column":4}},"65":{"start":{"line":121,"column":4},"end":{"line":121,"column":41}},"66":{"start":{"line":123,"column":4},"end":{"line":123,"column":35}},"67":{"start":{"line":124,"column":4},"end":{"line":125,"column":51}},"68":{"start":{"line":125,"column":5},"end":{"line":125,"column":51}},"69":{"start":{"line":128,"column":2},"end":{"line":128,"column":40}},"70":{"start":{"line":131,"column":2},"end":{"line":133,"column":5}},"71":{"start":{"line":132,"column":3},"end":{"line":132,"column":46}},"72":{"start":{"line":137,"column":0},"end":{"line":137,"column":22}}},"branchMap":{"1":{"line":17,"type":"if","locations":[{"start":{"line":17,"column":1},"end":{"line":17,"column":1}},{"start":{"line":17,"column":1},"end":{"line":17,"column":1}}]},"2":{"line":20,"type":"if","locations":[{"start":{"line":20,"column":1},"end":{"line":20,"column":1}},{"start":{"line":20,"column":1},"end":{"line":20,"column":1}}]},"3":{"line":22,"type":"binary-expr","locations":[{"start":{"line":22,"column":16},"end":{"line":22,"column":24}},{"start":{"line":22,"column":28},"end":{"line":22,"column":33}}]},"4":{"line":23,"type":"cond-expr","locations":[{"start":{"line":23,"column":25},"end":{"line":25,"column":4}},{"start":{"line":25,"column":7},"end":{"line":25,"column":11}}]},"5":{"line":27,"type":"cond-expr","locations":[{"start":{"line":27,"column":42},"end":{"line":27,"column":88}},{"start":{"line":27,"column":91},"end":{"line":27,"column":96}}]},"6":{"line":32,"type":"if","locations":[{"start":{"line":32,"column":1},"end":{"line":32,"column":1}},{"start":{"line":32,"column":1},"end":{"line":32,"column":1}}]},"7":{"line":38,"type":"if","locations":[{"start":{"line":38,"column":1},"end":{"line":38,"column":1}},{"start":{"line":38,"column":1},"end":{"line":38,"column":1}}]},"8":{"line":41,"type":"if","locations":[{"start":{"line":41,"column":2},"end":{"line":41,"column":2}},{"start":{"line":41,"column":2},"end":{"line":41,"column":2}}]},"9":{"line":44,"type":"if","locations":[{"start":{"line":44,"column":2},"end":{"line":44,"column":2}},{"start":{"line":44,"column":2},"end":{"line":44,"column":2}}]},"10":{"line":46,"type":"if","locations":[{"start":{"line":46,"column":2},"end":{"line":46,"column":2}},{"start":{"line":46,"column":2},"end":{"line":46,"column":2}}]},"11":{"line":55,"type":"if","locations":[{"start":{"line":55,"column":1},"end":{"line":55,"column":1}},{"start":{"line":55,"column":1},"end":{"line":55,"column":1}}]},"12":{"line":59,"type":"if","locations":[{"start":{"line":59,"column":1},"end":{"line":59,"column":1}},{"start":{"line":59,"column":1},"end":{"line":59,"column":1}}]},"13":{"line":59,"type":"binary-expr","locations":[{"start":{"line":59,"column":5},"end":{"line":59,"column":12}},{"start":{"line":59,"column":16},"end":{"line":59,"column":50}}]},"14":{"line":74,"type":"if","locations":[{"start":{"line":74,"column":2},"end":{"line":74,"column":2}},{"start":{"line":74,"column":2},"end":{"line":74,"column":2}}]},"15":{"line":76,"type":"binary-expr","locations":[{"start":{"line":76,"column":12},"end":{"line":76,"column":19}},{"start":{"line":76,"column":23},"end":{"line":76,"column":30}}]},"16":{"line":78,"type":"cond-expr","locations":[{"start":{"line":78,"column":63},"end":{"line":78,"column":115}},{"start":{"line":78,"column":118},"end":{"line":78,"column":130}}]},"17":{"line":78,"type":"binary-expr","locations":[{"start":{"line":78,"column":10},"end":{"line":78,"column":27}},{"start":{"line":78,"column":31},"end":{"line":78,"column":48}},{"start":{"line":78,"column":52},"end":{"line":78,"column":59}}]},"18":{"line":80,"type":"cond-expr","locations":[{"start":{"line":80,"column":22},"end":{"line":80,"column":56}},{"start":{"line":80,"column":59},"end":{"line":80,"column":73}}]},"19":{"line":81,"type":"if","locations":[{"start":{"line":81,"column":2},"end":{"line":81,"column":2}},{"start":{"line":81,"column":2},"end":{"line":81,"column":2}}]},"20":{"line":107,"type":"if","locations":[{"start":{"line":107,"column":2},"end":{"line":107,"column":2}},{"start":{"line":107,"column":2},"end":{"line":107,"column":2}}]},"21":{"line":107,"type":"binary-expr","locations":[{"start":{"line":107,"column":6},"end":{"line":107,"column":31}},{"start":{"line":107,"column":35},"end":{"line":107,"column":61}}]},"22":{"line":108,"type":"cond-expr","locations":[{"start":{"line":108,"column":40},"end":{"line":108,"column":66}},{"start":{"line":108,"column":69},"end":{"line":108,"column":87}}]},"23":{"line":111,"type":"if","locations":[{"start":{"line":111,"column":2},"end":{"line":111,"column":2}},{"start":{"line":111,"column":2},"end":{"line":111,"column":2}}]},"24":{"line":114,"type":"if","locations":[{"start":{"line":114,"column":2},"end":{"line":114,"column":2}},{"start":{"line":114,"column":2},"end":{"line":114,"column":2}}]},"25":{"line":114,"type":"binary-expr","locations":[{"start":{"line":114,"column":6},"end":{"line":114,"column":19}},{"start":{"line":114,"column":23},"end":{"line":114,"column":44}}]},"26":{"line":119,"type":"if","locations":[{"start":{"line":119,"column":2},"end":{"line":119,"column":2}},{"start":{"line":119,"column":2},"end":{"line":119,"column":2}}]},"27":{"line":120,"type":"if","locations":[{"start":{"line":120,"column":3},"end":{"line":120,"column":3}},{"start":{"line":120,"column":3},"end":{"line":120,"column":3}}]},"28":{"line":120,"type":"binary-expr","locations":[{"start":{"line":120,"column":7},"end":{"line":120,"column":24}},{"start":{"line":120,"column":28},"end":{"line":120,"column":54}}]},"29":{"line":124,"type":"if","locations":[{"start":{"line":124,"column":4},"end":{"line":124,"column":4}},{"start":{"line":124,"column":4},"end":{"line":124,"column":4}}]}},"l":{"12":1,"13":1,"14":8,"15":8,"16":8,"17":8,"18":0,"19":8,"20":8,"21":6,"22":6,"23":6,"24":2,"26":6,"27":6,"31":1,"32":9,"33":0,"34":9,"37":1,"38":9,"39":9,"41":9,"42":0,"44":9,"45":9,"46":9,"47":0,"48":9,"50":0,"53":1,"54":2,"55":2,"56":0,"58":2,"59":2,"61":1,"62":1,"63":1,"64":1,"65":1,"68":1,"69":1,"72":1,"74":11,"75":2,"76":9,"77":9,"81":9,"83":1,"84":1,"87":8,"90":1,"96":3,"105":9,"107":9,"108":0,"111":9,"112":0,"114":9,"115":2,"116":7,"119":11,"120":11,"121":3,"123":8,"124":8,"125":8,"128":11,"131":1,"132":2,"137":1}}}
