TN:
SF:/Users/gilles/Documents/works/Feelback/feelback-server/feelback-client/statics/libs/c3po/index.js
FN:13,(anonymous_1)
FN:23,(anonymous_2)
FN:31,promisedProtocol
FN:37,getProtocol
FN:53,initialiseProtocol
FN:62,(anonymous_6)
FN:73,(anonymous_7)
FN:83,(anonymous_8)
FN:95,(anonymous_9)
FN:104,(anonymous_10)
FN:118,(anonymous_11)
FN:130,(anonymous_12)
FN:131,(anonymous_13)
FNF:13
FNH:13
FNDA:8,(anonymous_1)
FNDA:2,(anonymous_2)
FNDA:9,promisedProtocol
FNDA:9,getProtocol
FNDA:2,initialiseProtocol
FNDA:1,(anonymous_6)
FNDA:11,(anonymous_7)
FNDA:1,(anonymous_8)
FNDA:3,(anonymous_9)
FNDA:9,(anonymous_10)
FNDA:11,(anonymous_11)
FNDA:1,(anonymous_12)
FNDA:2,(anonymous_13)
DA:12,1
DA:13,1
DA:14,8
DA:15,8
DA:16,8
DA:17,8
DA:18,0
DA:19,8
DA:20,8
DA:21,6
DA:22,6
DA:23,6
DA:24,2
DA:26,6
DA:27,6
DA:31,1
DA:32,9
DA:33,0
DA:34,9
DA:37,1
DA:38,9
DA:39,9
DA:41,9
DA:42,0
DA:44,9
DA:45,9
DA:46,9
DA:47,0
DA:48,9
DA:50,0
DA:53,1
DA:54,2
DA:55,2
DA:56,0
DA:58,2
DA:59,2
DA:61,1
DA:62,1
DA:63,1
DA:64,1
DA:65,1
DA:68,1
DA:69,1
DA:72,1
DA:74,11
DA:75,2
DA:76,9
DA:77,9
DA:81,9
DA:83,1
DA:84,1
DA:87,8
DA:90,1
DA:96,3
DA:105,9
DA:107,9
DA:108,0
DA:111,9
DA:112,0
DA:114,9
DA:115,2
DA:116,7
DA:119,11
DA:120,11
DA:121,3
DA:123,8
DA:124,8
DA:125,8
DA:128,11
DA:131,1
DA:132,2
DA:137,1
LF:72
LH:64
BRDA:17,1,0,0
BRDA:17,1,1,8
BRDA:20,2,0,6
BRDA:20,2,1,2
BRDA:22,3,0,6
BRDA:22,3,1,4
BRDA:23,4,0,1
BRDA:23,4,1,5
BRDA:27,5,0,2
BRDA:27,5,1,4
BRDA:32,6,0,0
BRDA:32,6,1,9
BRDA:38,7,0,9
BRDA:38,7,1,0
BRDA:41,8,0,0
BRDA:41,8,1,9
BRDA:44,9,0,9
BRDA:44,9,1,0
BRDA:46,10,0,0
BRDA:46,10,1,9
BRDA:55,11,0,0
BRDA:55,11,1,2
BRDA:59,12,0,1
BRDA:59,12,1,1
BRDA:59,13,0,2
BRDA:59,13,1,1
BRDA:74,14,0,2
BRDA:74,14,1,9
BRDA:76,15,0,9
BRDA:76,15,1,9
BRDA:78,16,0,1
BRDA:78,16,1,8
BRDA:78,17,0,9
BRDA:78,17,1,2
BRDA:78,17,2,2
BRDA:80,18,0,1
BRDA:80,18,1,8
BRDA:81,19,0,1
BRDA:81,19,1,8
BRDA:107,20,0,0
BRDA:107,20,1,9
BRDA:107,21,0,9
BRDA:107,21,1,0
BRDA:108,22,0,0
BRDA:108,22,1,0
BRDA:111,23,0,0
BRDA:111,23,1,9
BRDA:114,24,0,2
BRDA:114,24,1,7
BRDA:114,25,0,9
BRDA:114,25,1,2
BRDA:119,26,0,11
BRDA:119,26,1,0
BRDA:120,27,0,3
BRDA:120,27,1,8
BRDA:120,28,0,11
BRDA:120,28,1,11
BRDA:124,29,0,8
BRDA:124,29,1,0
BRF:59
BRH:45
end_of_record
